

Version:	3.12
CmdLine:	C:\Users\Flavio\Desktop\AT 4 BIMESTRE DO WAGNER POO 2\Porquinho.exe --l4j-debug
WOW64:		yes
Working dir:	C:\Users\Flavio\Desktop\AT 4 BIMESTRE DO WAGNER POO 2\.
Java min ver:	1.007.000
Java max ver:	
64-bit search:	SOFTWARE\JavaSoft\Java Runtime Environment...
Check:		SOFTWARE\JavaSoft\Java Runtime Environment\1.8
Check launcher:	C:\Program Files\Java\jre1.8.0_221\bin\javaw.exe (OK)
Match:		1.008.000
Check:		SOFTWARE\JavaSoft\Java Runtime Environment\1.8.0_221
Check launcher:	C:\Program Files\Java\jre1.8.0_221\bin\javaw.exe (OK)
Match:		1.008.000_221
64-bit search:	SOFTWARE\JavaSoft\Java Development Kit...
Check:		SOFTWARE\JavaSoft\Java Development Kit\1.8
Ignore:		1.008.000
Check:		SOFTWARE\JavaSoft\Java Development Kit\1.8.0_181
Ignore:		1.008.000_181
Check:		SOFTWARE\JavaSoft\Java Development Kit\1.8.0_201
Ignore:		1.008.000_201
64-bit search:	SOFTWARE\JavaSoft\JRE...
64-bit search:	SOFTWARE\JavaSoft\JDK...
Check:		SOFTWARE\JavaSoft\JDK\11.0.2
Check launcher:	C:\Program Files\Java\jdk-11.0.2\bin\javaw.exe (OK)
Match:		1.011.000_002
Check:		SOFTWARE\JavaSoft\JDK\9.0.1
Ignore:		1.009.000_001
Runtime used:	1.011.000_002 (64-bit)
Launcher:	C:\Program Files\Java\jdk-11.0.2\bin\javaw.exe
Launcher args:	-jar "C:\Users\Flavio\Desktop\AT 4 BIMESTRE DO WAGNER POO 2\Porquinho.exe"
Args length:	74/32768 chars
Exit code:	0


Version:	3.12
CmdLine:	C:\Users\Flavio\Desktop\AT 4 BIMESTRE DO WAGNER POO 2\porquinhos_Saudaveis.exe --l4j-debug
WOW64:		yes
Working dir:	C:\Users\Flavio\Desktop\AT 4 BIMESTRE DO WAGNER POO 2\.
Java min ver:	1.007.000
Java max ver:	
64-bit search:	SOFTWARE\JavaSoft\Java Runtime Environment...
Check:		SOFTWARE\JavaSoft\Java Runtime Environment\1.8
Check launcher:	C:\Program Files\Java\jre1.8.0_221\bin\javaw.exe (OK)
Match:		1.008.000
Check:		SOFTWARE\JavaSoft\Java Runtime Environment\1.8.0_221
Check launcher:	C:\Program Files\Java\jre1.8.0_221\bin\javaw.exe (OK)
Match:		1.008.000_221
64-bit search:	SOFTWARE\JavaSoft\Java Development Kit...
Check:		SOFTWARE\JavaSoft\Java Development Kit\1.8
Ignore:		1.008.000
Check:		SOFTWARE\JavaSoft\Java Development Kit\1.8.0_181
Ignore:		1.008.000_181
Check:		SOFTWARE\JavaSoft\Java Development Kit\1.8.0_201
Ignore:		1.008.000_201
64-bit search:	SOFTWARE\JavaSoft\JRE...
64-bit search:	SOFTWARE\JavaSoft\JDK...
Check:		SOFTWARE\JavaSoft\JDK\11.0.2
Check launcher:	C:\Program Files\Java\jdk-11.0.2\bin\javaw.exe (OK)
Match:		1.011.000_002
Check:		SOFTWARE\JavaSoft\JDK\9.0.1
Ignore:		1.009.000_001
Runtime used:	1.011.000_002 (64-bit)
Launcher:	C:\Program Files\Java\jdk-11.0.2\bin\javaw.exe
Launcher args:	-jar "C:\Users\Flavio\Desktop\AT 4 BIMESTRE DO WAGNER POO 2\porquinhos_Saudaveis.exe"
Args length:	85/32768 chars
Exit code:	0
